2026-03-26 12:49:54.647 [main] INFO  com.example.blog_demo.BlogDemoApplication - Starting BlogDemoApplication using Java 21.0.8 with PID 6820 (D:\linda\javaProject\blog-demo\target\classes started by acer in D:\linda\javaProject\blog-demo)
2026-03-26 12:49:54.652 [main] DEBUG com.example.blog_demo.BlogDemoApplication - Running with Spring Boot v4.0.4, Spring v7.0.6
2026-03-26 12:49:54.654 [main] INFO  com.example.blog_demo.BlogDemoApplication - No active profile set, falling back to 1 default profile: "default"
2026-03-26 12:49:57.526 [main] INFO  org.springframework.boot.tomcat.TomcatWebServer - Tomcat initialized with port 8080 (http)
2026-03-26 12:49:57.558 [main] INFO  org.apache.coyote.http11.Http11NioProtocol - Initializing ProtocolHandler ["http-nio-8080"]
2026-03-26 12:49:57.563 [main] INFO  org.apache.catalina.core.StandardService - Starting service [Tomcat]
2026-03-26 12:49:57.563 [main] INFO  org.apache.catalina.core.StandardEngine - Starting Servlet engine: [Apache Tomcat/11.0.18]
2026-03-26 12:49:57.689 [main] INFO  o.s.b.w.c.servlet.WebApplicationContextInitializer - Root WebApplicationContext: initialization completed in 2905 ms
2026-03-26 12:49:59.836 [main] INFO  org.apache.coyote.http11.Http11NioProtocol - Starting ProtocolHandler ["http-nio-8080"]
2026-03-26 12:49:59.878 [main] INFO  org.springframework.boot.tomcat.TomcatWebServer - Tomcat started on port 8080 (http) with context path '/'
2026-03-26 12:49:59.895 [main] INFO  com.example.blog_demo.BlogDemoApplication - Started BlogDemoApplication in 6.78 seconds (process running for 8.814)
2026-03-26 12:50:20.070 [http-nio-8080-exec-1] INFO  o.a.c.core.ContainerBase.[Tomcat].[localhost].[/] - Initializing Spring DispatcherServlet 'dispatcherServlet'
2026-03-26 12:50:20.071 [http-nio-8080-exec-1] INFO  org.springframework.web.servlet.DispatcherServlet - Initializing Servlet 'dispatcherServlet'
2026-03-26 12:50:20.075 [http-nio-8080-exec-1] INFO  org.springframework.web.servlet.DispatcherServlet - Completed initialization in 4 ms
2026-03-26 12:50:20.152 [http-nio-8080-exec-1] DEBUG com.example.blog_demo.service.ArticleService - Look for the detail of one article, ID：999
2026-03-26 12:50:20.213 [http-nio-8080-exec-1] INFO  com.zaxxer.hikari.HikariDataSource - HikariPool-1 - Starting...
2026-03-26 12:50:20.532 [http-nio-8080-exec-1] INFO  com.zaxxer.hikari.pool.HikariPool - HikariPool-1 - Added connection com.mysql.cj.jdbc.ConnectionImpl@29330a97
2026-03-26 12:50:20.536 [http-nio-8080-exec-1] INFO  com.zaxxer.hikari.HikariDataSource - HikariPool-1 - Start completed.
2026-03-26 12:50:20.552 [http-nio-8080-exec-1] DEBUG c.example.blog_demo.mapper.ArticleMapper.findById - ==>  Preparing: SELECT * FROM article WHERE id = ?
2026-03-26 12:50:20.599 [http-nio-8080-exec-1] DEBUG c.example.blog_demo.mapper.ArticleMapper.findById - ==> Parameters: 999(Long)
2026-03-26 12:50:20.653 [http-nio-8080-exec-1] DEBUG c.example.blog_demo.mapper.ArticleMapper.findById - <==      Total: 0
2026-03-26 12:50:20.683 [http-nio-8080-exec-1] WARN  c.example.blog_demo.handler.GlobalExceptionHandler - 业务异常: code=404, message=Article不存在
2026-03-26 12:53:25.833 [SpringApplicationShutdownHook] INFO  org.springframework.boot.tomcat.GracefulShutdown - Commencing graceful shutdown. Waiting for active requests to complete
2026-03-26 12:53:25.858 [tomcat-shutdown] INFO  org.springframework.boot.tomcat.GracefulShutdown - Graceful shutdown complete
2026-03-26 12:53:25.865 [SpringApplicationShutdownHook] INFO  com.zaxxer.hikari.HikariDataSource - HikariPool-1 - Shutdown initiated...
2026-03-26 12:53:25.880 [SpringApplicationShutdownHook] INFO  com.zaxxer.hikari.HikariDataSource - HikariPool-1 - Shutdown completed.
2026-03-26 12:54:05.572 [main] INFO  com.example.blog_demo.BlogDemoApplication - Starting BlogDemoApplication using Java 21.0.8 with PID 6180 (D:\linda\javaProject\blog-demo\target\classes started by acer in D:\linda\javaProject\blog-demo)
2026-03-26 12:54:05.580 [main] DEBUG com.example.blog_demo.BlogDemoApplication - Running with Spring Boot v4.0.4, Spring v7.0.6
2026-03-26 12:54:05.585 [main] INFO  com.example.blog_demo.BlogDemoApplication - No active profile set, falling back to 1 default profile: "default"
2026-03-26 12:54:09.080 [main] INFO  org.springframework.boot.tomcat.TomcatWebServer - Tomcat initialized with port 8080 (http)
2026-03-26 12:54:09.100 [main] INFO  org.apache.coyote.http11.Http11NioProtocol - Initializing ProtocolHandler ["http-nio-8080"]
2026-03-26 12:54:09.123 [main] INFO  org.apache.catalina.core.StandardService - Starting service [Tomcat]
2026-03-26 12:54:09.123 [main] INFO  org.apache.catalina.core.StandardEngine - Starting Servlet engine: [Apache Tomcat/11.0.18]
2026-03-26 12:54:09.260 [main] INFO  o.s.b.w.c.servlet.WebApplicationContextInitializer - Root WebApplicationContext: initialization completed in 3548 ms
2026-03-26 12:54:11.374 [main] INFO  org.apache.coyote.http11.Http11NioProtocol - Starting ProtocolHandler ["http-nio-8080"]
2026-03-26 12:54:11.476 [main] INFO  org.springframework.boot.tomcat.TomcatWebServer - Tomcat started on port 8080 (http) with context path '/'
2026-03-26 12:54:11.496 [main] INFO  com.example.blog_demo.BlogDemoApplication - Started BlogDemoApplication in 7.46 seconds (process running for 11.109)
2026-03-26 12:54:16.218 [http-nio-8080-exec-1] INFO  o.a.c.core.ContainerBase.[Tomcat].[localhost].[/] - Initializing Spring DispatcherServlet 'dispatcherServlet'
2026-03-26 12:54:16.219 [http-nio-8080-exec-1] INFO  org.springframework.web.servlet.DispatcherServlet - Initializing Servlet 'dispatcherServlet'
2026-03-26 12:54:16.220 [http-nio-8080-exec-1] INFO  org.springframework.web.servlet.DispatcherServlet - Completed initialization in 1 ms
2026-03-26 12:54:16.300 [http-nio-8080-exec-1] DEBUG com.example.blog_demo.service.ArticleService - Look for the detail of one article, ID：999
2026-03-26 12:54:16.330 [http-nio-8080-exec-1] INFO  com.zaxxer.hikari.HikariDataSource - HikariPool-1 - Starting...
2026-03-26 12:54:16.786 [http-nio-8080-exec-1] INFO  com.zaxxer.hikari.pool.HikariPool - HikariPool-1 - Added connection com.mysql.cj.jdbc.ConnectionImpl@350464a1
2026-03-26 12:54:16.788 [http-nio-8080-exec-1] INFO  com.zaxxer.hikari.HikariDataSource - HikariPool-1 - Start completed.
2026-03-26 12:54:16.800 [http-nio-8080-exec-1] DEBUG c.example.blog_demo.mapper.ArticleMapper.findById - ==>  Preparing: SELECT * FROM article WHERE id = ?
2026-03-26 12:54:16.853 [http-nio-8080-exec-1] DEBUG c.example.blog_demo.mapper.ArticleMapper.findById - ==> Parameters: 999(Long)
2026-03-26 12:54:16.914 [http-nio-8080-exec-1] DEBUG c.example.blog_demo.mapper.ArticleMapper.findById - <==      Total: 0
2026-03-26 12:54:16.965 [http-nio-8080-exec-1] ERROR c.example.blog_demo.handler.GlobalExceptionHandler - 空指针异常: null
java.lang.NullPointerException
	at com.example.blog_demo.service.ArticleService.getById(ArticleService.java:79)
	at java.base/jdk.internal.reflect.DirectMethodHandleAccessor.invoke(DirectMethodHandleAccessor.java:103)
	at java.base/java.lang.reflect.Method.invoke(Method.java:580)
	at org.springframework.aop.support.AopUtils.invokeJoinpointUsingReflection(AopUtils.java:359)
	at org.springframework.aop.framework.CglibAopProxy$DynamicAdvisedInterceptor.intercept(CglibAopProxy.java:715)
	at com.example.blog_demo.service.ArticleService$$SpringCGLIB$$0.getById(<generated>)
	at com.example.blog_demo.controller.ArticleController.getById(ArticleController.java:85)
	at java.base/jdk.internal.reflect.DirectMethodHandleAccessor.invoke(DirectMethodHandleAccessor.java:103)
	at java.base/java.lang.reflect.Method.invoke(Method.java:580)
	at org.springframework.web.method.support.InvocableHandlerMethod.doInvoke(InvocableHandlerMethod.java:252)
	at org.springframework.web.method.support.InvocableHandlerMethod.invokeForRequest(InvocableHandlerMethod.java:184)
	at org.springframework.web.servlet.mvc.method.annotation.ServletInvocableHandlerMethod.invokeAndHandle(ServletInvocableHandlerMethod.java:117)
	at org.springframework.web.servlet.mvc.method.annotation.RequestMappingHandlerAdapter.invokeHandlerMethod(RequestMappingHandlerAdapter.java:934)
	at org.springframework.web.servlet.mvc.method.annotation.RequestMappingHandlerAdapter.handleInternal(RequestMappingHandlerAdapter.java:853)
	at org.springframework.web.servlet.mvc.method.AbstractHandlerMethodAdapter.handle(AbstractHandlerMethodAdapter.java:86)
	at org.springframework.web.servlet.DispatcherServlet.doDispatch(DispatcherServlet.java:963)
	at org.springframework.web.servlet.DispatcherServlet.doService(DispatcherServlet.java:866)
	at org.springframework.web.servlet.FrameworkServlet.processRequest(FrameworkServlet.java:1000)
	at org.springframework.web.servlet.FrameworkServlet.doGet(FrameworkServlet.java:892)
	at jakarta.servlet.http.HttpServlet.service(HttpServlet.java:622)
	at org.springframework.web.servlet.FrameworkServlet.service(FrameworkServlet.java:874)
	at jakarta.servlet.http.HttpServlet.service(HttpServlet.java:710)
	at org.apache.catalina.core.ApplicationFilterChain.doFilter(ApplicationFilterChain.java:128)
	at org.apache.tomcat.websocket.server.WsFilter.doFilter(WsFilter.java:53)
	at org.apache.catalina.core.ApplicationFilterChain.doFilter(ApplicationFilterChain.java:107)
	at org.springframework.web.filter.RequestContextFilter.doFilterInternal(RequestContextFilter.java:100)
	at org.springframework.web.filter.OncePerRequestFilter.doFilter(OncePerRequestFilter.java:116)
	at org.apache.catalina.core.ApplicationFilterChain.doFilter(ApplicationFilterChain.java:107)
	at org.springframework.web.filter.FormContentFilter.doFilterInternal(FormContentFilter.java:93)
	at org.springframework.web.filter.OncePerRequestFilter.doFilter(OncePerRequestFilter.java:116)
	at org.apache.catalina.core.ApplicationFilterChain.doFilter(ApplicationFilterChain.java:107)
	at org.springframework.web.filter.CharacterEncodingFilter.doFilterInternal(CharacterEncodingFilter.java:199)
	at org.springframework.web.filter.OncePerRequestFilter.doFilter(OncePerRequestFilter.java:116)
	at org.apache.catalina.core.ApplicationFilterChain.doFilter(ApplicationFilterChain.java:107)
	at org.apache.catalina.core.StandardWrapperValve.invoke(StandardWrapperValve.java:165)
	at org.apache.catalina.core.StandardContextValve.invoke(StandardContextValve.java:77)
	at org.apache.catalina.authenticator.AuthenticatorBase.invoke(AuthenticatorBase.java:492)
	at org.apache.catalina.core.StandardHostValve.invoke(StandardHostValve.java:113)
	at org.apache.catalina.valves.ErrorReportValve.invoke(ErrorReportValve.java:83)
	at org.apache.catalina.core.StandardEngineValve.invoke(StandardEngineValve.java:72)
	at org.apache.catalina.connector.CoyoteAdapter.service(CoyoteAdapter.java:341)
	at org.apache.coyote.http11.Http11Processor.service(Http11Processor.java:397)
	at org.apache.coyote.AbstractProcessorLight.process(AbstractProcessorLight.java:63)
	at org.apache.coyote.AbstractProtocol$ConnectionHandler.process(AbstractProtocol.java:903)
	at org.apache.tomcat.util.net.NioEndpoint$SocketProcessor.doRun(NioEndpoint.java:1779)
	at org.apache.tomcat.util.net.SocketProcessorBase.run(SocketProcessorBase.java:52)
	at org.apache.tomcat.util.threads.ThreadPoolExecutor.runWorker(ThreadPoolExecutor.java:946)
	at org.apache.tomcat.util.threads.ThreadPoolExecutor$Worker.run(ThreadPoolExecutor.java:480)
	at org.apache.tomcat.util.threads.TaskThread$WrappingRunnable.run(TaskThread.java:57)
	at java.base/java.lang.Thread.run(Thread.java:1583)
2026-03-26 12:57:41.072 [SpringApplicationShutdownHook] INFO  org.springframework.boot.tomcat.GracefulShutdown - Commencing graceful shutdown. Waiting for active requests to complete
2026-03-26 12:57:41.095 [tomcat-shutdown] INFO  org.springframework.boot.tomcat.GracefulShutdown - Graceful shutdown complete
2026-03-26 12:57:41.101 [SpringApplicationShutdownHook] INFO  com.zaxxer.hikari.HikariDataSource - HikariPool-1 - Shutdown initiated...
2026-03-26 12:57:41.127 [SpringApplicationShutdownHook] INFO  com.zaxxer.hikari.HikariDataSource - HikariPool-1 - Shutdown completed.
